02-03-2017 12:11-- mcdonals session start
02-03-2017 12:11-- doliprane session start
02-03-2017 12:27 --  has just registered
02-03-2017 12:29 -- nathael has just registered
02-03-2017 12:29 -- nathael session start
02-03-2017 12:35 -- nathael has upload an image.
02-03-2017 13:36 -- nathael has upload an image.
02-03-2017 13:37 -- nathael has upload an image.
02-03-2017 13:39 -- nathael has upload an image.
02-03-2017 13:39 -- nathael has upload an image.
02-03-2017 13:42 -- nathael has upload an image.
02-03-2017 13:43 -- nathael has upload an image.
02-03-2017 13:43 -- nathael has delete an image.
02-03-2017 13:44 -- nathael has delete an image.
02-03-2017 13:44 -- nathael has upload an image.
02-03-2017 13:45 -- nathael has update an image.
02-03-2017 13:48 -- nathael has update an image.
02-03-2017 13:49 -- nathael has update an image.
02-03-2017 13:55 -- nathael has update an image.
02-03-2017 14:07 -- nathael has update an image.
02-03-2017 14:08 -- nathael has replace an image.
02-03-2017 14:14 -- nathael has replace an image.
02-03-2017 14:21 -- mcdonals session start.
02-03-2017 14:22 -- doliprane session start.
02-03-2017 14:29 -- nathael session start.
